<?xml version="1.0" encoding="UTF-8"?>
<testsuite xmlns:xsi="http://www.w3.org/2001/XMLSchema-instance" xsi:noNamespaceSchemaLocation="https://maven.apache.org/surefire/maven-surefire-plugin/xsd/surefire-test-report-3.0.xsd" version="3.0" name="com.example.backend.BackendApplicationTests" time="5.902" tests="1" errors="0" skipped="0" failures="0">
  <properties>
[...]
</properties>
  <testcase name="contextLoads" classname="com.example.backend.BackendApplicationTests" time="0.928">
    <system-out><![CDATA[12:23:39.546 [main] INFO org.springframework.test.context.support.AnnotationConfigContextLoaderUtils -- Could not detect default configuration classes for test class [com.example.backend.BackendApplicationTests]: BackendApplicationTests does not declare any static, non-private, non-final, nested classes annotated with @Configuration.
12:23:39.755 [main] INFO org.springframework.boot.test.context.SpringBootTestContextBootstrapper -- Found @SpringBootConfiguration com.example.backend.BackendApplication for test class com.example.backend.BackendApplicationTests
12:23:40.038 [main] INFO org.springframework.boot.devtools.restart.RestartApplicationListener -- Restart disabled due to context in which it is running

  .   ____          _            __ _ _
 /\\ / ___'_ __ _ _(_)_ __  __ _ \ \ \ \
( ( )\___ | '_ | '_| | '_ \/ _` | \ \ \ \
 \\/  ___)| |_)| | | | | || (_| |  ) ) ) )
  '  |____| .__|_| |_|_| |_\__, | / / / /
 =========|_|==============|___/=/_/_/_/
 :: Spring Boot ::                (v3.2.3)

2025-04-16T12:23:40.417+05:30  INFO 13100 --- [           main] c.e.backend.BackendApplicationTests      : Starting BackendApplicationTests using Java 24 with PID 13100 (started by banda in C:\Users\banda\Desktop\paf\backend)
2025-04-16T12:23:40.422+05:30  INFO 13100 --- [           main] c.e.backend.BackendApplicationTests      : No active profile set, falling back to 1 default profile: "default"
2025-04-16T12:23:41.578+05:30  INFO 13100 --- [           main] .s.d.r.c.RepositoryConfigurationDelegate : Bootstrapping Spring Data MongoDB repositories in DEFAULT mode.
2025-04-16T12:23:41.645+05:30  INFO 13100 --- [           main] .s.d.r.c.RepositoryConfigurationDelegate : Finished Spring Data repository scanning in 60 ms. Found 1 MongoDB repository interface.
2025-04-16T12:23:42.521+05:30  INFO 13100 --- [           main] org.mongodb.driver.client                : MongoClient with metadata {"application": {"name": "Cluster0"}, "driver": {"name": "mongo-java-driver|sync|spring-boot", "version": "4.11.1"}, "os": {"type": "Windows", "name": "Windows 10", "architecture": "amd64", "version": "10.0"}, "platform": "Java/Oracle Corporation/24+36-3646"} created with settings MongoClientSettings{readPreference=primary, writeConcern=WriteConcern{w=majority, wTimeout=null ms, journal=null}, retryWrites=true, retryReads=true, readConcern=ReadConcern{level=null}, credential=MongoCredential{mechanism=null, userName='lahiruflutter', source='admin', password=<hidden>, mechanismProperties=<hidden>}, transportSettings=null, streamFactoryFactory=null, commandListeners=[], codecRegistry=ProvidersCodecRegistry{codecProviders=[ValueCodecProvider{}, BsonValueCodecProvider{}, DBRefCodecProvider{}, DBObjectCodecProvider{}, DocumentCodecProvider{}, CollectionCodecProvider{}, IterableCodecProvider{}, MapCodecProvider{}, GeoJsonCodecProvider{}, GridFSFileCodecProvider{}, Jsr310CodecProvider{}, JsonObjectCodecProvider{}, BsonCodecProvider{}, EnumCodecProvider{}, com.mongodb.client.model.mql.ExpressionCodecProvider@4a3bd45b, com.mongodb.Jep395RecordCodecProvider@34c70b5e, com.mongodb.KotlinCodecProvider@4f2d995e]}, loggerSettings=LoggerSettings{maxDocumentLength=1000}, clusterSettings={hosts=[127.0.0.1:27017], srvHost=cluster0.oxqke.mongodb.net, srvServiceName=mongodb, mode=MULTIPLE, requiredClusterType=REPLICA_SET, requiredReplicaSetName='atlas-m0nawi-shard-0', serverSelector='null', clusterListeners='[]', serverSelectionTimeout='30000 ms', localThreshold='15 ms'}, socketSettings=SocketSettings{connectTimeoutMS=10000, readTimeoutMS=0, receiveBufferSize=0, proxySettings=ProxySettings{host=null, port=null, username=null, password=null}}, heartbeatSocketSettings=SocketSettings{connectTimeoutMS=10000, readTimeoutMS=10000, receiveBufferSize=0, proxySettings=ProxySettings{host=null, port=null, username=null, password=null}}, connectionPoolSettings=ConnectionPoolSettings{maxSize=100, minSize=0, maxWaitTimeMS=120000, maxConnectionLifeTimeMS=0, maxConnectionIdleTimeMS=0, maintenanceInitialDelayMS=0, maintenanceFrequencyMS=60000, connectionPoolListeners=[], maxConnecting=2}, serverSettings=ServerSettings{heartbeatFrequencyMS=10000, minHeartbeatFrequencyMS=500, serverListeners='[]', serverMonitorListeners='[]'}, sslSettings=SslSettings{enabled=true, invalidHostNameAllowed=false, context=null}, applicationName='Cluster0', compressorList=[], uuidRepresentation=JAVA_LEGACY, serverApi=null, autoEncryptionSettings=null, dnsClient=null, inetAddressResolver=null, contextProvider=null}
2025-04-16T12:23:42.613+05:30  INFO 13100 --- [qke.mongodb.net] org.mongodb.driver.cluster               : Adding discovered server cluster0-shard-00-01.oxqke.mongodb.net:27017 to client view of cluster
2025-04-16T12:23:42.658+05:30  INFO 13100 --- [qke.mongodb.net] org.mongodb.driver.cluster               : Adding discovered server cluster0-shard-00-02.oxqke.mongodb.net:27017 to client view of cluster
2025-04-16T12:23:42.662+05:30  INFO 13100 --- [qke.mongodb.net] org.mongodb.driver.cluster               : Adding discovered server cluster0-shard-00-00.oxqke.mongodb.net:27017 to client view of cluster
2025-04-16T12:23:44.146+05:30  INFO 13100 --- [ngodb.net:27017] org.mongodb.driver.cluster               : Monitor thread successfully connected to server with description ServerDescription{address=cluster0-shard-00-02.oxqke.mongodb.net:27017, type=REPLICA_SET_SECONDARY, state=CONNECTED, ok=true, minWireVersion=0, maxWireVersion=25, maxDocumentSize=16777216, logicalSessionTimeoutMinutes=30, roundTripTimeNanos=882509700, setName='atlas-m0nawi-shard-0', canonicalAddress=cluster0-shard-00-02.oxqke.mongodb.net:27017, hosts=[cluster0-shard-00-02.oxqke.mongodb.net:27017, cluster0-shard-00-01.oxqke.mongodb.net:27017, cluster0-shard-00-00.oxqke.mongodb.net:27017], passives=[], arbiters=[], primary='cluster0-shard-00-01.oxqke.mongodb.net:27017', tagSet=TagSet{[Tag{name='availabilityZone', value='aps1-az2'}, Tag{name='diskState', value='READY'}, Tag{name='nodeType', value='ELECTABLE'}, Tag{name='provider', value='AWS'}, Tag{name='region', value='AP_SOUTH_1'}, Tag{name='workloadType', value='OPERATIONAL'}]}, electionId=null, setVersion=212, topologyVersion=TopologyVersion{processId=67ff060340ca57188fb8d079, counter=3}, lastWriteDate=Wed Apr 16 12:23:46 IST 2025, lastUpdateTimeNanos=49371652005600}
2025-04-16T12:23:44.146+05:30  INFO 13100 --- [ngodb.net:27017] org.mongodb.driver.cluster               : Monitor thread successfully connected to server with description ServerDescription{address=cluster0-shard-00-01.oxqke.mongodb.net:27017, type=REPLICA_SET_PRIMARY, state=CONNECTED, ok=true, minWireVersion=0, maxWireVersion=25, maxDocumentSize=16777216, logicalSessionTimeoutMinutes=30, roundTripTimeNanos=889902000, setName='atlas-m0nawi-shard-0', canonicalAddress=cluster0-shard-00-01.oxqke.mongodb.net:27017, hosts=[cluster0-shard-00-02.oxqke.mongodb.net:27017, cluster0-shard-00-01.oxqke.mongodb.net:27017, cluster0-shard-00-00.oxqke.mongodb.net:27017], passives=[], arbiters=[], primary='cluster0-shard-00-01.oxqke.mongodb.net:27017', tagSet=TagSet{[Tag{name='availabilityZone', value='aps1-az3'}, Tag{name='diskState', value='READY'}, Tag{name='nodeType', value='ELECTABLE'}, Tag{name='provider', value='AWS'}, Tag{name='region', value='AP_SOUTH_1'}, Tag{name='workloadType', value='OPERATIONAL'}]}, electionId=7fffffff0000000000000185, setVersion=212, topologyVersion=TopologyVersion{processId=67ff036f99307a1482e31c33, counter=6}, lastWriteDate=Wed Apr 16 12:23:46 IST 2025, lastUpdateTimeNanos=49371652005500}
2025-04-16T12:23:44.146+05:30  INFO 13100 --- [ngodb.net:27017] org.mongodb.driver.cluster               : Monitor thread successfully connected to server with description ServerDescription{address=cluster0-shard-00-00.oxqke.mongodb.net:27017, type=REPLICA_SET_SECONDARY, state=CONNECTED, ok=true, minWireVersion=0, maxWireVersion=25, maxDocumentSize=16777216, logicalSessionTimeoutMinutes=30, roundTripTimeNanos=808069900, setName='atlas-m0nawi-shard-0', canonicalAddress=cluster0-shard-00-00.oxqke.mongodb.net:27017, hosts=[cluster0-shard-00-02.oxqke.mongodb.net:27017, cluster0-shard-00-01.oxqke.mongodb.net:27017, cluster0-shard-00-00.oxqke.mongodb.net:27017], passives=[], arbiters=[], primary='cluster0-shard-00-01.oxqke.mongodb.net:27017', tagSet=TagSet{[Tag{name='availabilityZone', value='aps1-az1'}, Tag{name='diskState', value='READY'}, Tag{name='nodeType', value='ELECTABLE'}, Tag{name='provider', value='AWS'}, Tag{name='region', value='AP_SOUTH_1'}, Tag{name='workloadType', value='OPERATIONAL'}]}, electionId=null, setVersion=212, topologyVersion=TopologyVersion{processId=67ff04786f67c21d5da992a4, counter=4}, lastWriteDate=Wed Apr 16 12:23:46 IST 2025, lastUpdateTimeNanos=49371652232200}
2025-04-16T12:23:44.153+05:30  INFO 13100 --- [ngodb.net:27017] org.mongodb.driver.cluster               : Discovered replica set primary cluster0-shard-00-01.oxqke.mongodb.net:27017 with max election id 7fffffff0000000000000185 and max set version 212
2025-04-16T12:23:44.247+05:30  INFO 13100 --- [           main] c.e.backend.BackendApplicationTests      : Started BackendApplicationTests in 4.228 seconds (process running for 5.836)
]]></system-out>
    <system-err><![CDATA[WARNING: A Java agent has been loaded dynamically (C:\Users\banda\.m2\repository\net\bytebuddy\byte-buddy-agent\1.14.12\byte-buddy-agent-1.14.12.jar)
WARNING: If a serviceability tool is in use, please run with -XX:+EnableDynamicAgentLoading to hide this warning
WARNING: If a serviceability tool is not in use, please run with -Djdk.instrument.traceUsage for more information
WARNING: Dynamic loading of agents will be disallowed by default in a future release
]]></system-err>
  </testcase>
</testsuite>